<?xml version="1.0" encoding="UTF-8"?>
<!-- Generated by org.testng.reporters.JUnitReportReporter -->
<testsuite hostname="hp" failures="0" tests="3" name="CloudmoreTestSuite" time="12.411" errors="0" timestamp="2023-04-03T16:42:10 IST" skipped="0">
  <testcase classname="CloudmoreTestSuite" name="verifyCloudMoreMenuItems" time="4.114"/>
  <system-out/>
  <testcase classname="CloudmoreTestSuite" name="verifyCloudMoreLogo" time="4.886"/>
  <system-out/>
  <testcase classname="CloudmoreTestSuite" name="searchTextAndVerifyResultCountWithScreenshot" time="3.411"/>
  <system-out/>
</testsuite> <!-- CloudmoreTestSuite -->
